SF:lib/app/shared_preferences/token_shared_prefs.dart
DA:8,0
DA:11,0
DA:13,0
DA:14,0
DA:16,0
DA:17,0
DA:22,0
DA:24,0
DA:25,0
DA:27,0
DA:31,0
DA:33,0
DA:36,0
DA:37,0
LF:14
LH:0
end_of_record
SF:lib/core/error/failure.dart
DA:6,1
DA:8,0
DA:9,0
DA:13,0
DA:19,1
DA:23,0
LF:6
LH:2
end_of_record
SF:lib/features/auth/domain/entity/login_response_entity.dart
DA:10,1
LF:1
LH:1
end_of_record
SF:lib/features/auth/domain/entity/user_entity.dart
DA:14,2
DA:25,1
DA:26,1
DA:27,1
DA:28,1
DA:29,1
DA:30,1
DA:31,1
DA:32,1
DA:33,1
DA:34,1
LF:11
LH:11
end_of_record
SF:lib/features/auth/domain/use_case/user_login_usecase.dart
DA:13,1
DA:15,0
DA:17,0
DA:18,0
DA:26,1
DA:32,1
DA:37,4
DA:38,2
DA:40,3
DA:41,1
LF:10
LH:7
end_of_record
SF:lib/features/shops/domain/entity/shop_entity.dart
DA:10,0
DA:17,0
DA:18,0
DA:19,0
DA:20,0
DA:21,0
DA:22,0
DA:23,0
LF:8
LH:0
end_of_record
SF:lib/features/auth/domain/use_case/user_register_usecase.dart
DA:15,1
DA:23,0
DA:31,0
DA:32,0
DA:39,1
DA:41,1
DA:43,1
DA:44,1
DA:45,1
DA:46,1
DA:47,1
DA:48,1
DA:50,2
LF:13
LH:10
end_of_record
